# JRE version: Java(TM) SE Runtime Environment (8.0_191-b12) (build 1.8.0_191-b12)
# Java VM: Java HotSpot(TM) 64-Bit Server VM (25.191-b12 mixed mode windows-amd64 compressed oops)
Heap:
 PSYoungGen      total 151552K, used 45869K [0x00000000d5d80000, 0x00000000dfc80000, 0x0000000100000000)
  eden space 140288K, 25% used [0x00000000d5d80000,0x00000000d800cca8,0x00000000de680000)
  from space 11264K, 93% used [0x00000000de680000,0x00000000df0beaf8,0x00000000df180000)
  to   space 10752K, 0% used [0x00000000df200000,0x00000000df200000,0x00000000dfc80000)
 ParOldGen       total 85504K, used 21129K [0x0000000081800000, 0x0000000086b80000, 0x00000000d5d80000)
  object space 85504K, 24% used [0x0000000081800000,0x0000000082ca2508,0x0000000086b80000)
 Metaspace       used 41506K, capacity 41836K, committed 42200K, reserved 1085440K
  class space    used 5265K, capacity 5342K, committed 5376K, reserved 1048576K
GC Heap History (10 events):
Event: 11.726 GC heap before
{Heap before GC invocations=11 (full 1):
 PSYoungGen      total 74240K, used 68075K [0x00000000d5d80000, 0x00000000dd100000, 0x0000000100000000)
  eden space 62976K, 99% used [0x00000000d5d80000,0x00000000d9afff78,0x00000000d9b00000)
  from space 11264K, 45% used [0x00000000d9b00000,0x00000000d9ffb068,0x00000000da600000)
  to   space 11264K, 0% used [0x00000000dc600000,0x00000000dc600000,0x00000000dd100000)
 ParOldGen       total 52736K, used 11045K [0x0000000081800000, 0x0000000084b80000, 0x00000000d5d80000)
  object space 52736K, 20% used [0x0000000081800000,0x00000000822c97f0,0x0000000084b80000)
 Metaspace       used 27302K, capacity 27586K, committed 27648K, reserved 1073152K
  class space    used 3447K, capacity 3542K, committed 3584K, reserved 1048576K
Event: 11.732 GC heap after
Heap after GC invocations=11 (full 1):
 PSYoungGen      total 103936K, used 6682K [0x00000000d5d80000, 0x00000000dcf00000, 0x0000000100000000)
  eden space 94720K, 0% used [0x00000000d5d80000,0x00000000d5d80000,0x00000000dba00000)
  from space 9216K, 72% used [0x00000000dc600000,0x00000000dcc868b0,0x00000000dcf00000)
  to   space 10752K, 0% used [0x00000000dba00000,0x00000000dba00000,0x00000000dc480000)
 ParOldGen       total 52736K, used 11053K [0x0000000081800000, 0x0000000084b80000, 0x00000000d5d80000)
  object space 52736K, 20% used [0x0000000081800000,0x00000000822cb7f0,0x0000000084b80000)
 Metaspace       used 27302K, capacity 27586K, committed 27648K, reserved 1073152K
  class space    used 3447K, capacity 3542K, committed 3584K, reserved 1048576K
}
Event: 13.182 GC heap before
{Heap before GC invocations=12 (full 1):
 PSYoungGen      total 103936K, used 101402K [0x00000000d5d80000, 0x00000000dcf00000, 0x0000000100000000)
  eden space 94720K, 100% used [0x00000000d5d80000,0x00000000dba00000,0x00000000dba00000)
  from space 9216K, 72% used [0x00000000dc600000,0x00000000dcc868b0,0x00000000dcf00000)
  to   space 10752K, 0% used [0x00000000dba00000,0x00000000dba00000,0x00000000dc480000)
 ParOldGen       total 52736K, used 11053K [0x0000000081800000, 0x0000000084b80000, 0x00000000d5d80000)
  object space 52736K, 20% used [0x0000000081800000,0x00000000822cb7f0,0x0000000084b80000)
 Metaspace       used 32645K, capacity 32936K, committed 33280K, reserved 1079296K
  class space    used 3944K, capacity 4023K, committed 4096K, reserved 1048576K
Event: 13.207 GC heap after
Heap after GC invocations=12 (full 1):
 PSYoungGen      total 105472K, used 7745K [0x00000000d5d80000, 0x00000000dfc80000, 0x0000000100000000)
  eden space 94720K, 0% used [0x00000000d5d80000,0x00000000d5d80000,0x00000000dba00000)
  from space 10752K, 72% used [0x00000000dba00000,0x00000000dc190750,0x00000000dc480000)
  to   space 10752K, 0% used [0x00000000df200000,0x00000000df200000,0x00000000dfc80000)
 ParOldGen       total 52736K, used 15410K [0x0000000081800000, 0x0000000084b80000, 0x00000000d5d80000)
  object space 52736K, 29% used [0x0000000081800000,0x000000008270c9a8,0x0000000084b80000)
 Metaspace       used 32645K, capacity 32936K, committed 33280K, reserved 1079296K
  class space    used 3944K, capacity 4023K, committed 4096K, reserved 1048576K
}
Event: 14.984 GC heap before
{Heap before GC invocations=13 (full 1):
 PSYoungGen      total 105472K, used 30146K [0x00000000d5d80000, 0x00000000dfc80000, 0x0000000100000000)
  eden space 94720K, 23% used [0x00000000d5d80000,0x00000000d7360470,0x00000000dba00000)
  from space 10752K, 72% used [0x00000000dba00000,0x00000000dc190750,0x00000000dc480000)
  to   space 10752K, 0% used [0x00000000df200000,0x00000000df200000,0x00000000dfc80000)
 ParOldGen       total 52736K, used 15410K [0x0000000081800000, 0x0000000084b80000, 0x00000000d5d80000)
  object space 52736K, 29% used [0x0000000081800000,0x000000008270c9a8,0x0000000084b80000)
 Metaspace       used 35025K, capacity 35278K, committed 35416K, reserved 1081344K
  class space    used 4348K, capacity 4440K, committed 4480K, reserved 1048576K
Event: 15.001 GC heap after
Heap after GC invocations=13 (full 1):
 PSYoungGen      total 151040K, used 2624K [0x00000000d5d80000, 0x00000000dfc80000, 0x0000000100000000)
  eden space 140288K, 0% used [0x00000000d5d80000,0x00000000d5d80000,0x00000000de680000)
  from space 10752K, 24% used [0x00000000df200000,0x00000000df4902d8,0x00000000dfc80000)
  to   space 11264K, 0% used [0x00000000de680000,0x00000000de680000,0x00000000df180000)
 ParOldGen       total 52736K, used 19754K [0x0000000081800000, 0x0000000084b80000, 0x00000000d5d80000)
  object space 52736K, 37% used [0x0000000081800000,0x0000000082b4a990,0x0000000084b80000)
 Metaspace       used 35025K, capacity 35278K, committed 35416K, reserved 1081344K
  class space    used 4348K, capacity 4440K, committed 4480K, reserved 1048576K
}
Event: 15.001 GC heap before
{Heap before GC invocations=14 (full 2):
 PSYoungGen      total 151040K, used 2624K [0x00000000d5d80000, 0x00000000dfc80000, 0x0000000100000000)
  eden space 140288K, 0% used [0x00000000d5d80000,0x00000000d5d80000,0x00000000de680000)
  from space 10752K, 24% used [0x00000000df200000,0x00000000df4902d8,0x00000000dfc80000)
  to   space 11264K, 0% used [0x00000000de680000,0x00000000de680000,0x00000000df180000)
 ParOldGen       total 52736K, used 19754K [0x0000000081800000, 0x0000000084b80000, 0x00000000d5d80000)
  object space 52736K, 37% used [0x0000000081800000,0x0000000082b4a990,0x0000000084b80000)
 Metaspace       used 35025K, capacity 35278K, committed 35416K, reserved 1081344K
  class space    used 4348K, capacity 4440K, committed 4480K, reserved 1048576K
Event: 15.216 GC heap after
Heap after GC invocations=14 (full 2):
 PSYoungGen      total 151040K, used 0K [0x00000000d5d80000, 0x00000000dfc80000, 0x0000000100000000)
  eden space 140288K, 0% used [0x00000000d5d80000,0x00000000d5d80000,0x00000000de680000)
  from space 10752K, 0% used [0x00000000df200000,0x00000000df200000,0x00000000dfc80000)
  to   space 11264K, 0% used [0x00000000de680000,0x00000000de680000,0x00000000df180000)
 ParOldGen       total 85504K, used 21121K [0x0000000081800000, 0x0000000086b80000, 0x00000000d5d80000)
  object space 85504K, 24% used [0x0000000081800000,0x0000000082ca0508,0x0000000086b80000)
 Metaspace       used 35025K, capacity 35278K, committed 35416K, reserved 1081344K
  class space    used 4348K, capacity 4440K, committed 4480K, reserved 1048576K
}
Event: 18.184 GC heap before
{Heap before GC invocations=15 (full 2):
 PSYoungGen      total 151040K, used 140288K [0x00000000d5d80000, 0x00000000dfc80000, 0x0000000100000000)
  eden space 140288K, 100% used [0x00000000d5d80000,0x00000000de680000,0x00000000de680000)
  from space 10752K, 0% used [0x00000000df200000,0x00000000df200000,0x00000000dfc80000)
  to   space 11264K, 0% used [0x00000000de680000,0x00000000de680000,0x00000000df180000)
 ParOldGen       total 85504K, used 21121K [0x0000000081800000, 0x0000000086b80000, 0x00000000d5d80000)
  object space 85504K, 24% used [0x0000000081800000,0x0000000082ca0508,0x0000000086b80000)
 Metaspace       used 40859K, capacity 41158K, committed 41432K, reserved 1085440K
  class space    used 5191K, capacity 5308K, committed 5376K, reserved 1048576K
Event: 18.195 GC heap after
Heap after GC invocations=15 (full 2):
 PSYoungGen      total 151552K, used 10490K [0x00000000d5d80000, 0x00000000dfc80000, 0x0000000100000000)
  eden space 140288K, 0% used [0x00000000d5d80000,0x00000000d5d80000,0x00000000de680000)
  from space 11264K, 93% used [0x00000000de680000,0x00000000df0beaf8,0x00000000df180000)
  to   space 10752K, 0% used [0x00000000df200000,0x00000000df200000,0x00000000dfc80000)
 ParOldGen       total 85504K, used 21129K [0x0000000081800000, 0x0000000086b80000, 0x00000000d5d80000)
  object space 85504K, 24% used [0x0000000081800000,0x0000000082ca2508,0x0000000086b80000)
 Metaspace       used 40859K, capacity 41158K, committed 41432K, reserved 1085440K
  class space    used 5191K, capacity 5308K, committed 5376K, reserved 1048576K
}

